#
# A fatal error has been detected by the Java Runtime Environment:
#
#  EXCEPTION_ACCESS_VIOLATION (0xc0000005) at pc=0x000000003cfcce8b, pid=1521992, tid=1522312
#
# JRE version: 7.0_11-b21
# Java VM: Java HotSpot(TM) 64-Bit Server VM (23.6-b04 mixed mode windows-amd64 compressed oops)
# Problematic frame:
# J  java.util.regex.Pattern.RemoveQEQuoting()V
#
# Failed to write core dump. Minidumps are not enabled by default on client versions of Windows
#
# If you would like to submit a bug report, please visit:
#   http://bugreport.sun.com/bugreport/crash.jsp
#

---------------  T H R E A D  ---------------

Current thread (0x0000000058ca5800):  JavaThread "AWT-EventQueue-0" [_thread_in_Java, id=1522312, stack(0x00000000b0000000,0x00000000b4000000)]

siginfo: ExceptionCode=0xc0000005, writing address 0x0000000000000008

Registers:
RAX=0x0000000000000008, RBX=0x0000000000000007, RCX=0x000000000000000a, RDX=0x00000000fccdf700
RSP=0x00000000b3ffd3b0, RBP=0x00000000fccdf748, RSI=0x00000000e0932f90, RDI=0x0000000000000007
R8 =0x0000000000000008, R9 =0x0000000000000000, R10=0x0000000000000008, R11=0x0000000000000000
R12=0x0000000000000000, R13=0x00000000b3ffd4d0, R14=0x00000000b3ffd548, R15=0x0000000058ca5800
RIP=0x000000003cfcce8b, EFLAGS=0x0000000000010297

Top of Stack: (sp=0x00000000b3ffd3b0)
0x00000000b3ffd3b0:   00000000b3ffd4f0 0000000000000000
0x00000000b3ffd3c0:   0000000058ca5800 00000000b3ffd5c8
0x00000000b3ffd3d0:   00000000e0178a68 0000000000000000
0x00000000b3ffd3e0:   000000006bd5c590 0000000000000000
0x00000000b3ffd3f0:   0000000000000008 00000000fccdf700
0x00000000b3ffd400:   0000000000000000 00000000b3ffd4f0
0x00000000b3ffd410:   0000000000000000 000000003d172cac
0x00000000b3ffd420:   00000000021a0076 000000006bd5c590
0x00000000b3ffd430:   0000000058ca5800 00000000fccdf700
0x00000000b3ffd440:   00000000e0178a68 0000000000000000
0x00000000b3ffd450:   00000000753a1b70 000000001ac10000
0x00000000b3ffd460:   00000000b3ffd5a0 0000000076bd300a
0x00000000b3ffd470:   0000000000000000 0000000000000003
0x00000000b3ffd480:   00000000fccdf700 000000003d0ffe30
0x00000000b3ffd490:   01cefcf87c2571c2 000000005c478d94
0x00000000b3ffd4a0:   00000000fccdf650 00000000e007f748 

Instructions: (pc=0x000000003cfcce8b)
0x000000003cfcce6b:   6a 40 8b 5c 24 40 ff cb 45 33 db 44 3b db 0f 8d
0x000000003cfcce7b:   9a 06 00 00 8b 4d 0c 44 3b d9 0f 83 5a 00 00 00
0x000000003cfcce8b:   00 00 00 00 00 45 2b c3 45 8b c8 41 c1 f9 1f 41
0x000000003cfcce9b:   c1 e9 1f 45 03 c8 41 83 e1 fe 45 03 cb 41 83 c1 


Register to memory mapping:

RAX=0x0000000000000008 is an unknown value
RBX=0x0000000000000007 is an unknown value
RCX=0x000000000000000a is an unknown value
RDX=0x00000000fccdf700 is an oop
java.util.regex.Pattern 
 - klass: 'java/util/regex/Pattern'
RSP=0x00000000b3ffd3b0 is pointing into the stack for thread: 0x0000000058ca5800
RBP=0x00000000fccdf748 is an oop
[I 
 - klass: {type array int}
 - length: 10
RSI=0x00000000e0932f90 is an oop
{instance class} 
 - klass: {other class}
RDI=0x0000000000000007 is an unknown value
R8 =0x0000000000000008 is an unknown value
R9 =0x0000000000000000 is an unknown value
R10=0x0000000000000008 is an unknown value
R11=0x0000000000000000 is an unknown value
R12=0x0000000000000000 is an unknown value
R13=0x00000000b3ffd4d0 is pointing into the stack for thread: 0x0000000058ca5800
R14=0x00000000b3ffd548 is pointing into the stack for thread: 0x0000000058ca5800
R15=0x0000000058ca5800 is a thread


Stack: [0x00000000b0000000,0x00000000b4000000],  sp=0x00000000b3ffd3b0,  free space=65524k
Native frames: (J=compiled Java code, j=interpreted, Vv=VM code, C=native code)
J  java.util.regex.Pattern.RemoveQEQuoting()V


---------------  P R O C E S S  ---------------

Java Threads: ( => current thread )
  0x00000000615fb000 JavaThread "Foxtrot Single Worker Thread #1" daemon [_thread_blocked, id=1522436, stack(0x000000015c030000,0x0000000160030000)]
  0x00000000615fe000 JavaThread "Tab Completion Callable" [_thread_blocked, id=1522632, stack(0x00000000276c0000,0x000000002b6c0000)]
  0x00000000615f2000 JavaThread "Code Analyzer updating thread" [_thread_blocked, id=1522004, stack(0x00000000dc000000,0x00000000e0000000)]
  0x00000000615fc800 JavaThread "Prefs Updater" daemon [_thread_blocked, id=1521212, stack(0x00000000a8000000,0x00000000ac000000)]
  0x00000000615f8000 JavaThread "Inactive RequestProcessor thread [Was:TimedSoftReference/org.openide.util.TimedSoftReference]" daemon [_thread_blocked, id=1521608, stack(0x00000000d8000000,0x00000000dc000000)]
  0x0000000059086000 JavaThread "Code Analyzer updating thread" [_thread_blocked, id=1521676, stack(0x0000000134000000,0x0000000138000000)]
  0x0000000059083000 JavaThread "Code Analyzer updating thread" [_thread_blocked, id=1517152, stack(0x0000000130000000,0x0000000134000000)]
  0x0000000059084000 JavaThread "Code Analyzer updating thread" [_thread_blocked, id=1522532, stack(0x000000012c000000,0x0000000130000000)]
  0x0000000059082000 JavaThread "Code Analyzer updating thread" [_thread_blocked, id=1522536, stack(0x0000000128000000,0x000000012c000000)]
  0x0000000059080800 JavaThread "Code Analyzer updating thread" [_thread_blocked, id=1522528, stack(0x0000000124000000,0x0000000128000000)]
  0x000000005907d000 JavaThread "Code Analyzer updating thread" [_thread_blocked, id=1521944, stack(0x0000000120000000,0x0000000124000000)]
  0x000000005907f000 JavaThread "Code Analyzer updating thread" [_thread_blocked, id=1401440, stack(0x000000011c000000,0x0000000120000000)]
  0x000000005907e800 JavaThread "Code Analyzer updating thread" [_thread_blocked, id=1522136, stack(0x0000000118000000,0x000000011c000000)]
  0x000000005907c000 JavaThread "Code Analyzer updating thread" [_thread_blocked, id=1520388, stack(0x00000000d0000000,0x00000000d4000000)]
  0x00000000615fa000 JavaThread "Code Analyzer updating thread" [_thread_blocked, id=1522016, stack(0x0000000114000000,0x0000000118000000)]
  0x00000000615f9800 JavaThread "Active Reference Queue Daemon" daemon [_thread_blocked, id=1522420, stack(0x0000000110000000,0x0000000114000000)]
  0x00000000615f8800 JavaThread "Timer-1" daemon [_thread_blocked, id=1521708, stack(0x000000010c000000,0x0000000110000000)]
  0x00000000615f7000 JavaThread "ClipboardMonitor Timer" daemon [_thread_blocked, id=1519384, stack(0x0000000104000000,0x0000000108000000)]
  0x00000000615f5800 JavaThread "Explorer NavigationContext request queue" daemon [_thread_in_native, id=1522268, stack(0x0000000100000000,0x0000000104000000)]
  0x00000000615f3800 JavaThread "AddressBar directory emptiness poller" daemon [_thread_blocked, id=1522284, stack(0x00000000d4000000,0x00000000d8000000)]
  0x00000000615f2800 JavaThread "Explorer Refresh Service 1291990099" daemon [_thread_blocked, id=1518160, stack(0x00000000c4000000,0x00000000c8000000)]
  0x000000005907b800 JavaThread "Thread-4" daemon [_thread_blocked, id=1521600, stack(0x00000000cc000000,0x00000000d0000000)]
  0x000000005907a800 JavaThread "TimerQueue" daemon [_thread_blocked, id=1522316, stack(0x00000000c8000000,0x00000000cc000000)]
  0x000000005907a000 JavaThread "Thread-3" daemon [_thread_blocked, id=1521980, stack(0x00000000b4000000,0x00000000b8000000)]
  0x0000000058e28000 JavaThread "FelixPackageAdmin" daemon [_thread_blocked, id=1520792, stack(0x00000000c0000000,0x00000000c4000000)]
  0x0000000058d80000 JavaThread "FelixStartLevel" daemon [_thread_blocked, id=1522000, stack(0x00000000bc000000,0x00000000c0000000)]
  0x0000000058bc3000 JavaThread "FelixDispatchQueue" daemon [_thread_blocked, id=1522008, stack(0x00000000b8000000,0x00000000bc000000)]
=>0x0000000058ca5800 JavaThread "AWT-EventQueue-0" [_thread_in_Java, id=1522312, stack(0x00000000b0000000,0x00000000b4000000)]
  0x0000000058c82800 JavaThread "AWT-Shutdown" [_thread_blocked, id=1521456, stack(0x00000000a0000000,0x00000000a4000000)]
  0x0000000058aed800 JavaThread "com.google.common.base.internal.Finalizer" daemon [_thread_blocked, id=376976, stack(0x00000000ac000000,0x00000000b0000000)]
  0x00000000589da000 JavaThread "AWT-Windows" daemon [_thread_in_native, id=1519900, stack(0x00000000a4000000,0x00000000a8000000)]
  0x0000000058a02800 JavaThread "Java2D Disposer" daemon [_thread_blocked, id=1522188, stack(0x000000009c000000,0x00000000a0000000)]
  0x000000003cc90800 JavaThread "Timer-0" [_thread_blocked, id=1518844, stack(0x0000000098000000,0x000000009c000000)]
  0x00000000587f9800 JavaThread "EventMgr Dispatcher" daemon [_thread_in_native, id=1315292, stack(0x0000000094000000,0x0000000098000000)]
  0x000000003c901800 JavaThread "Service Thread" daemon [_thread_blocked, id=1522080, stack(0x000000008c000000,0x0000000090000000)]
  0x000000003c8f7000 JavaThread "C2 CompilerThread1" daemon [_thread_blocked, id=1522180, stack(0x0000000088000000,0x000000008c000000)]
  0x000000003c8f2000 JavaThread "C2 CompilerThread0" daemon [_thread_blocked, id=1521520, stack(0x0000000084000000,0x0000000088000000)]
  0x000000003c8f1800 JavaThread "Attach Listener" daemon [_thread_blocked, id=1521836, stack(0x0000000080000000,0x0000000084000000)]
  0x000000003c874800 JavaThread "Finalizer" daemon [_thread_blocked, id=1522128, stack(0x000000007aea0000,0x000000007eea0000)]
  0x000000003c86e800 JavaThread "Reference Handler" daemon [_thread_blocked, id=1522112, stack(0x0000000076ea0000,0x000000007aea0000)]
  0x000000003c6b1000 JavaThread "main" [_thread_in_native, id=1522228, stack(0x0000000000030000,0x0000000004030000)]

Other Threads:
  0x000000003c869000 VMThread [stack: 0x0000000062520000,0x0000000066520000] [id=1522132]
  0x000000003c953000 WatcherThread [stack: 0x0000000090000000,0x0000000094000000] [id=1519660]

VM state:not at safepoint (normal execution)

VM Mutex/Monitor currently owned by a thread: None

Heap
 PSYoungGen      total 77440K, used 61881K [0x00000000fa000000, 0x0000000100000000, 0x0000000100000000)
  eden space 58752K, 79% used [0x00000000fa000000,0x00000000fcdbce30,0x00000000fd960000)
  from space 18688K, 80% used [0x00000000fedc0000,0x00000000ffc717a8,0x0000000100000000)
  to   space 19776K, 0% used [0x00000000fd960000,0x00000000fd960000,0x00000000fecb0000)
 ParOldGen       total 89472K, used 51465K [0x00000000e8000000, 0x00000000ed760000, 0x00000000fa000000)
  object space 89472K, 57% used [0x00000000e8000000,0x00000000eb242488,0x00000000ed760000)
 PSPermGen       total 106560K, used 66143K [0x00000000e0000000, 0x00000000e6810000, 0x00000000e8000000)
  object space 106560K, 62% used [0x00000000e0000000,0x00000000e4097e78,0x00000000e6810000)

Card table byte_map: [0x000000001b310000,0x000000001b420000] byte_map_base: 0x000000001ac10000

Polling page: 0x0000000008fe0000

Code Cache  [0x000000003ce40000, 0x000000003d370000, 0x000000003fe40000)
 total_blobs=2318 nmethods=1639 adapters=628 free_code_cache=43972Kb largest_free_block=44916480

Compilation events (10 events):
Event: 107.291 Thread 0x000000003c8f2000 nmethod 1764 0x000000003d33cad0 code [0x000000003d33cc20, 0x000000003d33cc88]
Event: 107.291 Thread 0x000000003c8f2000 1766             org.apache.xerces.dom.AttrImpl::getOwnerElement (19 bytes)
Event: 107.291 Thread 0x000000003c8f2000 nmethod 1766 0x000000003cf8d6d0 code [0x000000003cf8d800, 0x000000003cf8d8b8]
Event: 107.292 Thread 0x000000003c8f2000 1767             org.apache.xerces.dom.NodeImpl::isIdAttribute (17 bytes)
Event: 107.292 Thread 0x000000003c8f2000 nmethod 1767 0x000000003cf8d410 code [0x000000003cf8d540, 0x000000003cf8d598]
Event: 107.295 Thread 0x000000003c8f7000 nmethod 1765 0x000000003d33bf10 code [0x000000003d33c0c0, 0x000000003d33c540]
Event: 113.975 Thread 0x000000003c8f2000 1768             sun.awt.SunHints$Key::isCompatibleValue (18 bytes)
Event: 113.976 Thread 0x000000003c8f2000 nmethod 1768 0x000000003d336950 code [0x000000003d336aa0, 0x000000003d336b38]
Event: 113.980 Thread 0x000000003c8f7000 1769   !         javax.swing.JComponent::paintChildren (669 bytes)
Event: 114.124 Thread 0x000000003c8f7000 nmethod 1769 0x000000003d35f050 code [0x000000003d35f840, 0x000000003d364950]

GC Heap History (10 events):
Event: 24.402 GC heap before
{Heap before GC invocations=40 (full 2):
 PSYoungGen      total 76672K, used 67199K [0x00000000fa000000, 0x00000000fffb0000, 0x0000000100000000)
  eden space 56384K, 100% used [0x00000000fa000000,0x00000000fd710000,0x00000000fd710000)
  from space 20288K, 53% used [0x00000000fd710000,0x00000000fe19ffb8,0x00000000feae0000)
  to   space 19904K, 0% used [0x00000000fec40000,0x00000000fec40000,0x00000000fffb0000)
 ParOldGen       total 89472K, used 49881K [0x00000000e8000000, 0x00000000ed760000, 0x00000000fa000000)
  object space 89472K, 55% used [0x00000000e8000000,0x00000000eb0b6468,0x00000000ed760000)
 PSPermGen       total 106560K, used 64848K [0x00000000e0000000, 0x00000000e6810000, 0x00000000e8000000)
  object space 106560K, 60% used [0x00000000e0000000,0x00000000e3f54000,0x00000000e6810000)
Event: 24.411 GC heap after
Heap after GC invocations=40 (full 2):
 PSYoungGen      total 77696K, used 11546K [0x00000000fa000000, 0x00000000fff60000, 0x0000000100000000)
  eden space 58112K, 0% used [0x00000000fa000000,0x00000000fa000000,0x00000000fd8c0000)
  from space 19584K, 58% used [0x00000000fec40000,0x00000000ff7869c8,0x00000000fff60000)
  to   space 19776K, 0% used [0x00000000fd8c0000,0x00000000fd8c0000,0x00000000fec10000)
 ParOldGen       total 89472K, used 50449K [0x00000000e8000000, 0x00000000ed760000, 0x00000000fa000000)
  object space 89472K, 56% used [0x00000000e8000000,0x00000000eb144468,0x00000000ed760000)
 PSPermGen       total 106560K, used 64848K [0x00000000e0000000, 0x00000000e6810000, 0x00000000e8000000)
  object space 106560K, 60% used [0x00000000e0000000,0x00000000e3f54000,0x00000000e6810000)
}
Event: 39.106 GC heap before
{Heap before GC invocations=41 (full 2):
 PSYoungGen      total 77696K, used 69658K [0x00000000fa000000, 0x00000000fff60000, 0x0000000100000000)
  eden space 58112K, 100% used [0x00000000fa000000,0x00000000fd8c0000,0x00000000fd8c0000)
  from space 19584K, 58% used [0x00000000fec40000,0x00000000ff7869c8,0x00000000fff60000)
  to   space 19776K, 0% used [0x00000000fd8c0000,0x00000000fd8c0000,0x00000000fec10000)
 ParOldGen       total 89472K, used 50449K [0x00000000e8000000, 0x00000000ed760000, 0x00000000fa000000)
  object space 89472K, 56% used [0x00000000e8000000,0x00000000eb144468,0x00000000ed760000)
 PSPermGen       total 106560K, used 65411K [0x00000000e0000000, 0x00000000e6810000, 0x00000000e8000000)
  object space 106560K, 61% used [0x00000000e0000000,0x00000000e3fe0ee0,0x00000000e6810000)
Event: 39.114 GC heap after
Heap after GC invocations=41 (full 2):
 PSYoungGen      total 77888K, used 10429K [0x00000000fa000000, 0x00000000ffef0000, 0x0000000100000000)
  eden space 58112K, 0% used [0x00000000fa000000,0x00000000fa000000,0x00000000fd8c0000)
  from space 19776K, 52% used [0x00000000fd8c0000,0x00000000fe2ef688,0x00000000fec10000)
  to   space 19136K, 0% used [0x00000000fec40000,0x00000000fec40000,0x00000000ffef0000)
 ParOldGen       total 89472K, used 51465K [0x00000000e8000000, 0x00000000ed760000, 0x00000000fa000000)
  object space 89472K, 57% used [0x00000000e8000000,0x00000000eb242488,0x00000000ed760000)
 PSPermGen       total 106560K, used 65411K [0x00000000e0000000, 0x00000000e6810000, 0x00000000e8000000)
  object space 106560K, 61% used [0x00000000e0000000,0x00000000e3fe0ee0,0x00000000e6810000)
}
Event: 42.248 GC heap before
{Heap before GC invocations=42 (full 2):
 PSYoungGen      total 77888K, used 68541K [0x00000000fa000000, 0x00000000ffef0000, 0x0000000100000000)
  eden space 58112K, 100% used [0x00000000fa000000,0x00000000fd8c0000,0x00000000fd8c0000)
  from space 19776K, 52% used [0x00000000fd8c0000,0x00000000fe2ef688,0x00000000fec10000)
  to   space 19136K, 0% used [0x00000000fec40000,0x00000000fec40000,0x00000000ffef0000)
 ParOldGen       total 89472K, used 51465K [0x00000000e8000000, 0x00000000ed760000, 0x00000000fa000000)
  object space 89472K, 57% used [0x00000000e8000000,0x00000000eb242488,0x00000000ed760000)
 PSPermGen       total 106560K, used 65593K [0x00000000e0000000, 0x00000000e6810000, 0x00000000e8000000)
  object space 106560K, 61% used [0x00000000e0000000,0x00000000e400e790,0x00000000e6810000)
Event: 42.255 GC heap after
Heap after GC invocations=42 (full 2):
 PSYoungGen      total 77952K, used 10575K [0x00000000fa000000, 0x00000000ffe60000, 0x0000000100000000)
  eden space 59392K, 0% used [0x00000000fa000000,0x00000000fa000000,0x00000000fda00000)
  from space 18560K, 56% used [0x00000000fec40000,0x00000000ff693ec0,0x00000000ffe60000)
  to   space 18624K, 0% used [0x00000000fda00000,0x00000000fda00000,0x00000000fec30000)
 ParOldGen       total 89472K, used 51465K [0x00000000e8000000, 0x00000000ed760000, 0x00000000fa000000)
  object space 89472K, 57% used [0x00000000e8000000,0x00000000eb242488,0x00000000ed760000)
 PSPermGen       total 106560K, used 65593K [0x00000000e0000000, 0x00000000e6810000, 0x00000000e8000000)
  object space 106560K, 61% used [0x00000000e0000000,0x00000000e400e790,0x00000000e6810000)
}
Event: 98.163 GC heap before
{Heap before GC invocations=43 (full 2):
 PSYoungGen      total 77952K, used 69967K [0x00000000fa000000, 0x00000000ffe60000, 0x0000000100000000)
  eden space 59392K, 100% used [0x00000000fa000000,0x00000000fda00000,0x00000000fda00000)
  from space 18560K, 56% used [0x00000000fec40000,0x00000000ff693ec0,0x00000000ffe60000)
  to   space 18624K, 0% used [0x00000000fda00000,0x00000000fda00000,0x00000000fec30000)
 ParOldGen       total 89472K, used 51465K [0x00000000e8000000, 0x00000000ed760000, 0x00000000fa000000)
  object space 89472K, 57% used [0x00000000e8000000,0x00000000eb242488,0x00000000ed760000)
 PSPermGen       total 106560K, used 65697K [0x00000000e0000000, 0x00000000e6810000, 0x00000000e8000000)
  object space 106560K, 61% used [0x00000000e0000000,0x00000000e40286c8,0x00000000e6810000)
Event: 98.172 GC heap after
Heap after GC invocations=43 (full 2):
 PSYoungGen      total 78016K, used 12131K [0x00000000fa000000, 0x0000000100000000, 0x0000000100000000)
  eden space 59392K, 0% used [0x00000000fa000000,0x00000000fa000000,0x00000000fda00000)
  from space 18624K, 65% used [0x00000000fda00000,0x00000000fe5d8c28,0x00000000fec30000)
  to   space 18688K, 0% used [0x00000000fedc0000,0x00000000fedc0000,0x0000000100000000)
 ParOldGen       total 89472K, used 51465K [0x00000000e8000000, 0x00000000ed760000, 0x00000000fa000000)
  object space 89472K, 57% used [0x00000000e8000000,0x00000000eb242488,0x00000000ed760000)
 PSPermGen       total 106560K, used 65697K [0x00000000e0000000, 0x00000000e6810000, 0x00000000e8000000)
  object space 106560K, 61% used [0x00000000e0000000,0x00000000e40286c8,0x00000000e6810000)
}
Event: 104.679 GC heap before
{Heap before GC invocations=44 (full 2):
 PSYoungGen      total 78016K, used 71523K [0x00000000fa000000, 0x0000000100000000, 0x0000000100000000)
  eden space 59392K, 100% used [0x00000000fa000000,0x00000000fda00000,0x00000000fda00000)
  from space 18624K, 65% used [0x00000000fda00000,0x00000000fe5d8c28,0x00000000fec30000)
  to   space 18688K, 0% used [0x00000000fedc0000,0x00000000fedc0000,0x0000000100000000)
 ParOldGen       total 89472K, used 51465K [0x00000000e8000000, 0x00000000ed760000, 0x00000000fa000000)
  object space 89472K, 57% used [0x00000000e8000000,0x00000000eb242488,0x00000000ed760000)
 PSPermGen       total 106560K, used 65964K [0x00000000e0000000, 0x00000000e6810000, 0x00000000e8000000)
  object space 106560K, 61% used [0x00000000e0000000,0x00000000e406b138,0x00000000e6810000)
Event: 104.689 GC heap after
Heap after GC invocations=44 (full 2):
 PSYoungGen      total 77440K, used 15045K [0x00000000fa000000, 0x0000000100000000, 0x0000000100000000)
  eden space 58752K, 0% used [0x00000000fa000000,0x00000000fa000000,0x00000000fd960000)
  from space 18688K, 80% used [0x00000000fedc0000,0x00000000ffc717a8,0x0000000100000000)
  to   space 19776K, 0% used [0x00000000fd960000,0x00000000fd960000,0x00000000fecb0000)
 ParOldGen       total 89472K, used 51465K [0x00000000e8000000, 0x00000000ed760000, 0x00000000fa000000)
  object space 89472K, 57% used [0x00000000e8000000,0x00000000eb242488,0x00000000ed760000)
 PSPermGen       total 106560K, used 65964K [0x00000000e0000000, 0x00000000e6810000, 0x00000000e8000000)
  object space 106560K, 61% used [0x00000000e0000000,0x00000000e406b138,0x00000000e6810000)
}

Deoptimization events (10 events):
Event: 104.386 Thread 0x00000000615f4000 Uncommon trap -34 fr.pc 0x000000003d231554
Event: 104.386 Thread 0x00000000615f4000 Uncommon trap -34 fr.pc 0x000000003d231554
Event: 104.386 Thread 0x00000000615f4000 Uncommon trap -34 fr.pc 0x000000003d231554
Event: 104.388 Thread 0x00000000615f4000 Uncommon trap -34 fr.pc 0x000000003d32fa44
Event: 104.388 Thread 0x00000000615f4000 Uncommon trap -34 fr.pc 0x000000003d32fa44
Event: 104.397 Thread 0x00000000615f4000 Uncommon trap -34 fr.pc 0x000000003d32fa44
Event: 104.403 Thread 0x00000000615f4000 Uncommon trap -34 fr.pc 0x000000003d32fa44
Event: 104.718 Thread 0x0000000058ca5800 Uncommon trap -58 fr.pc 0x000000003d045498
Event: 105.524 Thread 0x0000000058ca5800 Uncommon trap -58 fr.pc 0x000000003d3208d8
Event: 106.375 Thread 0x00000000615f4000 Uncommon trap -83 fr.pc 0x000000003d27a688

Internal exceptions (10 events):
Event: 107.925 Thread 0x0000000058ca5800 Threw 0x00000000fcad4938 at C:\jdk7u1_64p\jdk7u11\hotspot\src\share\vm\prims\jvm.cpp:1166
Event: 107.926 Thread 0x0000000058ca5800 Threw 0x00000000fcade438 at C:\jdk7u1_64p\jdk7u11\hotspot\src\share\vm\prims\jvm.cpp:1166
Event: 107.926 Thread 0x0000000058ca5800 Threw 0x00000000fcae4120 at C:\jdk7u1_64p\jdk7u11\hotspot\src\share\vm\prims\jvm.cpp:1166
Event: 107.927 Thread 0x0000000058ca5800 Threw 0x00000000fcb21ac0 at C:\jdk7u1_64p\jdk7u11\hotspot\src\share\vm\prims\jvm.cpp:1166
Event: 107.928 Thread 0x0000000058ca5800 Threw 0x00000000fcb2a208 at C:\jdk7u1_64p\jdk7u11\hotspot\src\share\vm\prims\jvm.cpp:1166
Event: 107.928 Thread 0x0000000058ca5800 Threw 0x00000000fcb31608 at C:\jdk7u1_64p\jdk7u11\hotspot\src\share\vm\prims\jvm.cpp:1166
Event: 107.928 Thread 0x00000000615fb000 Threw 0x00000000fcb8ad48 at C:\jdk7u1_64p\jdk7u11\hotspot\src\share\vm\prims\jvm.cpp:1166
Event: 107.930 Thread 0x0000000058ca5800 Threw 0x00000000fcb419b0 at C:\jdk7u1_64p\jdk7u11\hotspot\src\share\vm\prims\jvm.cpp:1166
Event: 114.171 Thread 0x00000000615fb000 Threw 0x00000000fcb90758 at C:\jdk7u1_64p\jdk7u11\hotspot\src\share\vm\prims\jvm.cpp:1166
Event: 114.176 Thread 0x0000000058ca5800 Implicit null exception at 0x000000003cfcce8b to 0x0000000000000000

Events (10 events):
Event: 107.928 loading class 0x000000007572c090 done
Event: 107.930 Executing VM operation: RevokeBias
Event: 107.930 Executing VM operation: RevokeBias done
Event: 107.930 loading class 0x0000000072c3fb00
Event: 107.930 loading class 0x0000000072c3fb00 done
Event: 114.171 loading class 0x00000000753a48f0
Event: 114.171 loading class 0x00000000753a48f0 done
Event: 114.171 Executing VM operation: RevokeBias
Event: 114.171 Executing VM operation: RevokeBias done
Event: 114.172 Thread 0x00000000615f4000 Thread exited: 0x00000000615f4000


Dynamic libraries:
0x0000000140000000 - 0x0000000140029000 	E:\ProgramFiles\MATLAB\bin\win64\MATLAB.exe
0x0000000076cd0000 - 0x0000000076e79000 	C:\Windows\SYSTEM32\ntdll.dll
0x0000000076bb0000 - 0x0000000076ccf000 	C:\Windows\system32\kernel32.dll
0x000007fefcb30000 - 0x000007fefcb9b000 	C:\Windows\system32\KERNELBASE.dll
0x000000006f060000 - 0x000000006f3dc000 	E:\ProgramFiles\MATLAB\bin\win64\libmwservices.dll
0x000000006fe80000 - 0x000000006ff56000 	E:\ProgramFiles\MATLAB\bin\win64\libmwi18n.dll
0x000000006fe70000 - 0x000000006fe7d000 	E:\ProgramFiles\MATLAB\bin\win64\libmwresource_core.dll
0x000000005c4f0000 - 0x000000005c588000 	E:\ProgramFiles\MATLAB\bin\win64\MSVCP100.dll
0x000000005c410000 - 0x000000005c4e2000 	E:\ProgramFiles\MATLAB\bin\win64\MSVCR100.dll
0x0000000068a70000 - 0x0000000068a7e000 	E:\ProgramFiles\MATLAB\bin\win64\boost_date_time-vc100-mt-1_49.dll
0x000000005c950000 - 0x000000005c97c000 	E:\ProgramFiles\MATLAB\bin\win64\boost_filesystem-vc100-mt-1_49.dll
0x000000006bb20000 - 0x000000006bb29000 	E:\ProgramFiles\MATLAB\bin\win64\boost_system-vc100-mt-1_49.dll
0x000007fefdb50000 - 0x000007fefdc2b000 	C:\Windows\system32\ADVAPI32.dll
0x000007fefef20000 - 0x000007fefefbf000 	C:\Windows\system32\msvcrt.dll
0x000007fefefc0000 - 0x000007fefefdf000 	C:\Windows\SYSTEM32\sechost.dll
0x000007fefdf00000 - 0x000007fefe02d000 	C:\Windows\system32\RPCRT4.dll
0x000000005c980000 - 0x000000005c9a5000 	E:\ProgramFiles\MATLAB\bin\win64\LIBEXPAT.dll
0x000000005c0c0000 - 0x000000005c24a000 	E:\ProgramFiles\MATLAB\bin\win64\icuin49.dll
0x000000005bf80000 - 0x000000005c0be000 	E:\ProgramFiles\MATLAB\bin\win64\icuuc49.dll
0x00000000553a0000 - 0x00000000564c2000 	E:\ProgramFiles\MATLAB\bin\win64\icudt49.dll
0x0000000062510000 - 0x0000000062520000 	E:\ProgramFiles\MATLAB\bin\win64\icuio49.dll
0x0000000004100000 - 0x00000000041bb000 	E:\ProgramFiles\MATLAB\bin\win64\libut.dll
0x000000006f960000 - 0x000000006fb07000 	E:\ProgramFiles\MATLAB\bin\win64\libmwfl.dll
0x0000000004340000 - 0x000000000474f000 	E:\ProgramFiles\MATLAB\bin\win64\libmwMATLAB_res.dll
0x000000005c330000 - 0x000000005c40f000 	E:\ProgramFiles\MATLAB\bin\win64\boost_regex-vc100-mt-1_49.dll
0x0000000076ab0000 - 0x0000000076baa000 	C:\Windows\system32\USER32.dll
0x000007fefdc30000 - 0x000007fefdc97000 	C:\Windows\system32\GDI32.dll
0x000007fefcfd0000 - 0x000007fefcfde000 	C:\Windows\system32\LPK.dll
0x000007fefceb0000 - 0x000007fefcf79000 	C:\Windows\system32\USP10.dll
0x000000005c610000 - 0x000000005c621000 	E:\ProgramFiles\MATLAB\bin\win64\boost_signals-vc100-mt-1_49.dll
0x000000005c5f0000 - 0x000000005c601000 	E:\ProgramFiles\MATLAB\bin\win64\boost_thread-vc100-mt-1_49.dll
0x000000005bef0000 - 0x000000005bf7c000 	E:\ProgramFiles\MATLAB\bin\win64\boost_log-vc100-mt-1_49.dll
0x0000000076e90000 - 0x0000000076e97000 	C:\Windows\system32\PSAPI.DLL
0x000007fefcf80000 - 0x000007fefcfcd000 	C:\Windows\system32\WS2_32.dll
0x000007fefdb40000 - 0x000007fefdb48000 	C:\Windows\system32\NSI.dll
0x000007fef01d0000 - 0x000007fef0203000 	E:\ProgramFiles\MATLAB\bin\win64\tbb.dll
0x000007fefdee0000 - 0x000007fefdef9000 	C:\Windows\system32\imagehlp.dll
0x000007fefb3d0000 - 0x000007fefb3fc000 	C:\Windows\system32\POWRPROF.dll
0x000007fefd7b0000 - 0x000007fefd987000 	C:\Windows\system32\SETUPAPI.dll
0x000007fefce70000 - 0x000007fefcea6000 	C:\Windows\system32\CFGMGR32.dll
0x000007fefd210000 - 0x000007fefd2e7000 	C:\Windows\system32\OLEAUT32.dll
0x000007fefd2f0000 - 0x000007fefd4f3000 	C:\Windows\system32\ole32.dll
0x000007fefcd80000 - 0x000007fefcd9a000 	C:\Windows\system32\DEVOBJ.dll
0x0000000004750000 - 0x000000000484b000 	E:\ProgramFiles\MATLAB\bin\win64\libmx.dll
0x000007fefa4b0000 - 0x000007fefa4d8000 	E:\ProgramFiles\MATLAB\bin\win64\tbbmalloc.dll
0x000000005c5d0000 - 0x000000005c5e7000 	E:\ProgramFiles\MATLAB\bin\win64\zlib1.dll
0x000000006ef00000 - 0x000000006ef4e000 	E:\ProgramFiles\MATLAB\bin\win64\libmwregexp.dll
0x000000006eeb0000 - 0x000000006eef7000 	E:\ProgramFiles\MATLAB\bin\win64\mpath.dll
0x0000000004850000 - 0x0000000004e78000 	E:\ProgramFiles\MATLAB\bin\win64\mlutil.dll
0x000000006e870000 - 0x000000006e8e7000 	E:\ProgramFiles\MATLAB\bin\win64\xmlcore.dll
0x0000000059490000 - 0x00000000596d1000 	E:\ProgramFiles\MATLAB\bin\win64\xerces-c_2_7.dll
0x000000006e5f0000 - 0x000000006e613000 	E:\ProgramFiles\MATLAB\bin\win64\libmwMATLAB_settings_res.dll
0x00000000689e0000 - 0x00000000689f0000 	E:\ProgramFiles\MATLAB\bin\win64\boost_iostreams-vc100-mt-1_49.dll
0x000000005bea0000 - 0x000000005bee6000 	E:\ProgramFiles\MATLAB\bin\win64\boost_serialization-vc100-mt-1_49.dll
0x000007fefe190000 - 0x000007fefef18000 	C:\Windows\system32\SHELL32.dll
0x000007fefe090000 - 0x000007fefe101000 	C:\Windows\system32\SHLWAPI.dll
0x000000006e580000 - 0x000000006e586000 	E:\ProgramFiles\MATLAB\bin\win64\libmwnativedisplay.dll
0x00000000685f0000 - 0x000000006863d000 	E:\ProgramFiles\MATLAB\bin\win64\opccore.dll
0x00000000684f0000 - 0x00000000685c6000 	E:\ProgramFiles\MATLAB\bin\win64\opcmodel.dll
0x00000000684c0000 - 0x00000000684ed000 	E:\ProgramFiles\MATLAB\bin\win64\opczippackage.dll
0x000000005c5c0000 - 0x000000005c5ce000 	E:\ProgramFiles\MATLAB\bin\win64\libminizip.dll
0x0000000068340000 - 0x00000000683a6000 	E:\ProgramFiles\MATLAB\bin\win64\opcmwservices.dll
0x000007fef9570000 - 0x000007fef9610000 	C:\Windows\WinSxS\amd64_microsoft.windows.common-controls_6595b64144ccf1df_5.82.7601.18201_none_a4d3b9377117c3df\COMCTL32.dll
0x000007fefdaa0000 - 0x000007fefdb37000 	C:\Windows\system32\COMDLG32.dll
0x000007fef9f40000 - 0x000007fef9f56000 	C:\Windows\system32\NETAPI32.dll
0x000007fef9ec0000 - 0x000007fef9ecc000 	C:\Windows\system32\netutils.dll
0x000007fefc670000 - 0x000007fefc693000 	C:\Windows\system32\srvcli.dll
0x000007fef9ea0000 - 0x000007fef9eb5000 	C:\Windows\system32\wkscli.dll
0x000000006e4d0000 - 0x000000006e57d000 	E:\ProgramFiles\MATLAB\bin\win64\mcr.dll
0x000000006e110000 - 0x000000006e4d0000 	E:\ProgramFiles\MATLAB\bin\win64\iqm.dll
0x0000000180000000 - 0x00000001800c2000 	E:\ProgramFiles\MATLAB\bin\win64\m_dispatcher.dll
0x0000000004e80000 - 0x000000000567b000 	E:\ProgramFiles\MATLAB\bin\win64\m_interpreter.dll
0x000000006d760000 - 0x000000006d784000 	E:\ProgramFiles\MATLAB\bin\win64\libmex.dll
0x000000006d6e0000 - 0x000000006d75b000 	E:\ProgramFiles\MATLAB\bin\win64\profiler.dll
0x000000006d450000 - 0x000000006d5c8000 	E:\ProgramFiles\MATLAB\bin\win64\libmwmathutil.dll
0x000000006d420000 - 0x000000006d447000 	E:\ProgramFiles\MATLAB\bin\win64\libmwmathrng.dll
0x000000006d410000 - 0x000000006d420000 	E:\ProgramFiles\MATLAB\bin\win64\libmwmfl_rng.dll
0x0000000005680000 - 0x0000000005798000 	E:\ProgramFiles\MATLAB\bin\win64\libmwmathcore.dll
0x000000006d2b0000 - 0x000000006d313000 	E:\ProgramFiles\MATLAB\bin\win64\libmwspmatrix.dll
0x00000000057a0000 - 0x0000000005a02000 	E:\ProgramFiles\MATLAB\bin\win64\mcos.dll
0x000000006cfc0000 - 0x000000006d01c000 	E:\ProgramFiles\MATLAB\bin\win64\libmwcholmod.dll
0x000000006cfb0000 - 0x000000006cfbc000 	E:\ProgramFiles\MATLAB\bin\win64\libmwamd.dll
0x000000006cfa0000 - 0x000000006cfab000 	E:\ProgramFiles\MATLAB\bin\win64\libmwcolamd.dll
0x000000006cf80000 - 0x000000006cf93000 	E:\ProgramFiles\MATLAB\bin\win64\libmwblas.dll
0x000000006cf60000 - 0x000000006cf75000 	E:\ProgramFiles\MATLAB\bin\win64\libmwbinder.dll
0x000000006cf50000 - 0x000000006cf5b000 	E:\ProgramFiles\MATLAB\bin\win64\libmwompwrapper.dll
0x000000006ced0000 - 0x000000006cf4f000 	E:\ProgramFiles\MATLAB\bin\win64\libmwlapack.dll
0x000000006ceb0000 - 0x000000006ced0000 	E:\ProgramFiles\MATLAB\bin\win64\m_pcodeio.dll
0x000000006ce50000 - 0x000000006ceac000 	E:\ProgramFiles\MATLAB\bin\win64\m_ir.dll
0x0000000005a10000 - 0x00000000060c5000 	E:\ProgramFiles\MATLAB\bin\win64\m_parser.dll
0x000000006c780000 - 0x000000006c797000 	E:\ProgramFiles\MATLAB\bin\win64\ir_xfmr.dll
0x000000006c770000 - 0x000000006c780000 	E:\ProgramFiles\MATLAB\bin\win64\mtok.dll
0x000000006c740000 - 0x000000006c768000 	E:\ProgramFiles\MATLAB\bin\win64\m_pcodegen.dll
0x000007fef1a20000 - 0x000007fef1b45000 	C:\Windows\system32\dbghelp.dll
0x000000006c710000 - 0x000000006c73f000 	E:\ProgramFiles\MATLAB\bin\win64\libmwbridge.dll
0x000000006c650000 - 0x000000006c706000 	E:\ProgramFiles\MATLAB\bin\win64\udd.dll
0x00000000060d0000 - 0x0000000006221000 	E:\ProgramFiles\MATLAB\bin\win64\libmwgui.dll
0x000000006c4d0000 - 0x000000006c4f8000 	E:\ProgramFiles\MATLAB\bin\win64\graphics_util.dll
0x000000005bde0000 - 0x000000005be98000 	E:\ProgramFiles\MATLAB\bin\win64\libtex_base.dll
0x0000000006230000 - 0x0000000006b96000 	E:\ProgramFiles\MATLAB\bin\win64\hg.dll
0x000000006ba60000 - 0x000000006babd000 	E:\ProgramFiles\MATLAB\bin\win64\libmat.dll
0x000000006b850000 - 0x000000006ba58000 	E:\ProgramFiles\MATLAB\bin\win64\hdf5dll.dll
0x000000006b780000 - 0x000000006b848000 	E:\ProgramFiles\MATLAB\bin\win64\jmi.dll
0x000000006b770000 - 0x000000006b77e000 	E:\ProgramFiles\MATLAB\bin\win64\nativejava_services.dll
0x00000000041e0000 - 0x0000000004222000 	E:\ProgramFiles\MATLAB\bin\win64\libmwhardcopy.dll
0x000000006b6d0000 - 0x000000006b72e000 	E:\ProgramFiles\MATLAB\bin\win64\libuij.dll
0x000000006b490000 - 0x000000006b695000 	E:\ProgramFiles\MATLAB\bin\win64\hgdatatypes.dll
0x0000000006ba0000 - 0x0000000006cb2000 	E:\ProgramFiles\MATLAB\bin\win64\hgutils.dll
0x000000006b2f0000 - 0x000000006b39e000 	E:\ProgramFiles\MATLAB\bin\win64\udd_mi.dll
0x000000006b2b0000 - 0x000000006b2e6000 	E:\ProgramFiles\MATLAB\bin\win64\libmwgbtutils.dll
0x000000006b290000 - 0x000000006b2a3000 	E:\ProgramFiles\MATLAB\bin\win64\libmwgbt.dll
0x000000006afc0000 - 0x000000006b28f000 	E:\ProgramFiles\MATLAB\bin\win64\uiw.dll
0x000000006afb0000 - 0x000000006afb9000 	E:\ProgramFiles\MATLAB\bin\win64\uinone.dll
0x000000006af80000 - 0x000000006afac000 	E:\ProgramFiles\MATLAB\bin\win64\libmwnativedialogs.dll
0x000000006af70000 - 0x000000006af7c000 	E:\ProgramFiles\MATLAB\bin\win64\libmwplatform_res.dll
0x000007fef2560000 - 0x000007fef2578000 	C:\Windows\system32\MPR.dll
0x0000000054e40000 - 0x000000005539d000 	E:\ProgramFiles\MATLAB\bin\win64\mfc100.dll
0x000007fef9610000 - 0x000007fef9617000 	C:\Windows\system32\MSIMG32.dll
0x000007fef94f0000 - 0x000007fef9561000 	C:\Windows\system32\WINSPOOL.DRV
0x000000006af50000 - 0x000000006af6d000 	E:\ProgramFiles\MATLAB\bin\win64\mwoles05.DLL
0x000000006aee0000 - 0x000000006af4c000 	E:\ProgramFiles\MATLAB\bin\win64\comcli.dll
0x000000005c590000 - 0x000000005c5bb000 	E:\ProgramFiles\MATLAB\bin\win64\ATL100.DLL
0x000000006aed0000 - 0x000000006aedc000 	E:\ProgramFiles\MATLAB\bin\win64\mlautoregister.dll
0x0000000006cc0000 - 0x0000000006e2f000 	E:\ProgramFiles\MATLAB\bin\win64\mvm.dll
0x000007fefd080000 - 0x000007fefd0ae000 	C:\Windows\system32\IMM32.DLL
0x000007fefd990000 - 0x000007fefda99000 	C:\Windows\system32\MSCTF.dll
0x000007fefca60000 - 0x000007fefca79000 	C:\PROGRA~2\KEYCRY~1\KE1E1C~1.DLL
0x000007fefafa0000 - 0x000007fefaff6000 	C:\Windows\system32\UxTheme.dll

VM Arguments:
jvm_args: -XX:PermSize=32m -Xms64m -XX:NewRatio=3 -XX:MaxPermSize=128m -Xmx384m -XX:MaxDirectMemorySize=2147400000 -Dsun.java2d.noddraw=true -Dsun.awt.nopixfmt=true -Xshare:off -Xrs -XX:-UseSplitVerifier -Djava.library.path=E:\ProgramFiles\MATLAB\bin\win64;E:\ProgramFiles\MATLAB\sys\jxbrowser\win64\lib vfprintf abort -Duser.language=en -Duser.country=US -XX:ParallelGCThreads=6 
java_command: <unknown>
Launcher Type: generic

Environment Variables:
CLASSPATH=.;C:\Program Files\Mosek\6\tools\platform\win64x86\bin;C:\Program Files (x86)\Java\jre7\lib\ext\QTJava.zip
PATH=C:\Program Files\Python_3-3-2\;C:\Program Files (x86)\NVIDIA Corporation\PhysX\Common;C:\Tcl\bin;C:\Program Files\NVIDIA GPU Computing Toolkit\CUDA\v4.1\\bin;C:\Program Files\NVIDIA GPU Computing Toolkit\CUDA\v4.1\libnvvp\;C:\Program Files (x86)\MiKTeX 2.9\miktex\bin;C:\Windows\system32;C:\Windows;C:\Windows\System32\Wbem;C:\Windows\System32\WindowsPowerShell\v1.0\;E:\Program Files\MATLAB\R2013b\runtime\win64;E:\Program Files\MATLAB\R2013b\bin;E:\ProgramFiles\MATLAB\runtime\win64;E:\ProgramFiles\MATLAB\bin;C:\Program Files\MATLAB\R2011b\runtime\win64;C:\Program Files\MATLAB\R2011b\bin;c:\Program Files (x86)\Microsoft SQL Server\100\Tools\Binn\;c:\Program Files\Microsoft SQL Server\100\Tools\Binn\;c:\Program Files\Microsoft SQL Server\100\DTS\Binn\;C:\ProgramData\NVIDIA Corporation\NVIDIA GPU Computing SDK 4.1\C\common\bin;C:\Program Files (x86)\OpenNI\Bin;C:\Program Files (x86)\Git\cmd;C:\Program Files (x86)\Microsoft ASP.NET\ASP.NET Web Pages\v1.0\;C:\Program Files (x86)\Windows Kits\8.0\Windows Performance Toolkit\;C:\Program Files\Microsoft SQL Server\110\Tools\Binn\;F:\blepo\external64\bin;C:\Program Files\TortoiseSVN\bin;C:\Program Files\Mosek\6\tools\platform\win64x86\bin;C:\Program Files (x86)\MATLAB\MATLAB Compiler Runtime\v79\runtime\win32;C:\Program Files (x86)\Bitvise SSH Client;C:\OpenCV-2.2_clean\build64\bin;C:\Program Files (x86)\MATLAB\R2011a_32bit\runtime\win32;C:\Program Files (x86)\MATLAB\R2011a_32bit\bin;C:\Program Files (x86)\QuickTime\QTSystem\;E:\Program Files\tomlab\shared;E:\ProgramFiles\tomlab\shared;E:\ProgramFiles\IBM\ILOG\CPLEX_Studio1251\opl\bin\x64_win64;E:\ProgramFiles\IBM\ILOG\CPLEX_Studio1251\opl\oplide\;E:\ProgramFiles\IBM\ILOG\CPLEX_Studio1251\cplex\bin\x64_win64;E:\ProgramFiles\IBM\ILOG\CPLEX_Studio1251\cpoptimizer\bin\x64_win64
USERNAME=Student Admin
OS=Windows_NT
PROCESSOR_IDENTIFIER=Intel64 Family 6 Model 44 Stepping 2, GenuineIntel



---------------  S Y S T E M  ---------------

OS: Windows 7 , 64 bit Build 7601 Service Pack 1

CPU:total 12 (6 cores per cpu, 2 threads per core) family 6 model 44 stepping 2, cmov, cx8, fxsr, mmx, sse, sse2, sse3, ssse3, sse4.1, sse4.2, popcnt, ht, tsc, tscinvbit, tscinv

Memory: 4k page, physical 50329128k(37215868k free), swap 100656392k(86074688k free)

vm_info: Java HotSpot(TM) 64-Bit Server VM (23.6-b04) for windows-amd64 JRE (1.7.0_11-b21), built on Jan 12 2013 02:38:42 by "java_re" with unknown MS VC++:1600

time: Wed Jan 01 16:07:10 2014
elapsed time: 114 seconds

